<?xml version="1.0" encoding="UTF-8"?>
<testsuite xmlns:xsi="http://www.w3.org/2001/XMLSchema-instance" xsi:noNamespaceSchemaLocation="https://maven.apache.org/surefire/maven-surefire-plugin/xsd/surefire-test-report-3.0.xsd" version="3.0" name="runner.TestRunner" time="16.509" tests="8" errors="0" skipped="0" failures="0">
  <properties>
[...]
</properties>
  <testcase name="Testing GET request with different schema files" classname="Testing GET API" time="5.826">
    <system-out><![CDATA[
Scenario Outline: Testing GET request with different schema files &amp#27;[90m# src/test/resources/features/HS_GET_API.feature:11&amp#27;[0m
/substances/find
  &amp#27;[32mGiven &amp#27;[0m&amp#27;[32mthe API endpoint is &amp#27;[0m&amp#27;[32m&amp#27;[1m"/substances/find"&amp#27;[0m                    &amp#27;[90m# stepDefinations.HS_GET_STEPS.the_api_endpoint_is(java.lang.String)&amp#27;[0m
  &amp#27;[32mWhen &amp#27;[0m&amp#27;[32mI send a GET HTTP request with the Accept header&amp#27;[0m           &amp#27;[90m# stepDefinations.HS_GET_STEPS.i_send_a_get_http_request_with_the_accept_header()&amp#27;[0m
  &amp#27;[32mThen &amp#27;[0m&amp#27;[32mthe response status code is &amp#27;[0m&amp#27;[32m&amp#27;[1m200&amp#27;[0m                            &amp#27;[90m# stepDefinations.HS_GET_STEPS.the_response_status_code_is(java.lang.Integer)&amp#27;[0m
  &amp#27;[32mAnd &amp#27;[0m&amp#27;[32mthe response matches the schema &amp#27;[0m&amp#27;[32m&amp#27;[1m"HS_Get_Data.json"&amp#27;[0m          &amp#27;[90m# stepDefinations.HS_GET_STEPS.the_response_matches_the_schema(java.lang.String)&amp#27;[0m
]]></system-out>
  </testcase>
  <testcase name="Verify successful retrieval of substances with updated resource status" classname="Testing GET API" time="1.943">
    <system-out><![CDATA[
Scenario Outline: Verify successful retrieval of substances with updated resource status                  &amp#27;[90m# src/test/resources/features/HS_GET_API.feature:21&amp#27;[0m
  &amp#27;[32mGiven &amp#27;[0m&amp#27;[32mthe API endpoint is &amp#27;[0m&amp#27;[32m&amp#27;[1m"/substances/find"&amp#27;[0m&amp#27;[32m and the parameter &amp#27;[0m&amp#27;[32m&amp#27;[1m"resourceStatus"&amp#27;[0m&amp#27;[32m has the value &amp#27;[0m&amp#27;[32m&amp#27;[1m"UPDATED"&amp#27;[0m &amp#27;[90m# stepDefinations.HS_GET_STEPS.the_api_endpoint_is_and_the_parameter_has_the_value(java.lang.String,java.lang.String,java.lang.String)&amp#27;[0m
  &amp#27;[32mWhen &amp#27;[0m&amp#27;[32mI send a GET HTTP request with the Accept header&amp#27;[0m                                                   &amp#27;[90m# stepDefinations.HS_GET_STEPS.i_send_a_get_http_request_with_the_accept_header()&amp#27;[0m
  &amp#27;[32mThen &amp#27;[0m&amp#27;[32mthe response status code is &amp#27;[0m&amp#27;[32m&amp#27;[1m200&amp#27;[0m                                                                    &amp#27;[90m# stepDefinations.HS_GET_STEPS.the_response_status_code_is(java.lang.Integer)&amp#27;[0m
  &amp#27;[32mAnd &amp#27;[0m&amp#27;[32mthe response matches the schema &amp#27;[0m&amp#27;[32m&amp#27;[1m"HS_Updated_Status.json"&amp#27;[0m                                            &amp#27;[90m# stepDefinations.HS_GET_STEPS.the_response_matches_the_schema(java.lang.String)&amp#27;[0m
]]></system-out>
  </testcase>
  <testcase name="Verify successful retrieval of substances with created resource status" classname="Testing GET API" time="2.07">
    <system-out><![CDATA[
Scenario Outline: Verify successful retrieval of substances with created resource status                  &amp#27;[90m# src/test/resources/features/HS_GET_API.feature:31&amp#27;[0m
  &amp#27;[32mGiven &amp#27;[0m&amp#27;[32mthe API endpoint is &amp#27;[0m&amp#27;[32m&amp#27;[1m"/substances/find"&amp#27;[0m&amp#27;[32m and the parameter &amp#27;[0m&amp#27;[32m&amp#27;[1m"resourceStatus"&amp#27;[0m&amp#27;[32m has the value &amp#27;[0m&amp#27;[32m&amp#27;[1m"CREATED"&amp#27;[0m &amp#27;[90m# stepDefinations.HS_GET_STEPS.the_api_endpoint_is_and_the_parameter_has_the_value(java.lang.String,java.lang.String,java.lang.String)&amp#27;[0m
  &amp#27;[32mWhen &amp#27;[0m&amp#27;[32mI send a GET HTTP request with the Accept header&amp#27;[0m                                                   &amp#27;[90m# stepDefinations.HS_GET_STEPS.i_send_a_get_http_request_with_the_accept_header()&amp#27;[0m
  &amp#27;[32mThen &amp#27;[0m&amp#27;[32mthe response status code is &amp#27;[0m&amp#27;[32m&amp#27;[1m200&amp#27;[0m                                                                    &amp#27;[90m# stepDefinations.HS_GET_STEPS.the_response_status_code_is(java.lang.Integer)&amp#27;[0m
  &amp#27;[32mAnd &amp#27;[0m&amp#27;[32mthe response matches the schema &amp#27;[0m&amp#27;[32m&amp#27;[1m"HS_Created_Status.json"&amp#27;[0m                                            &amp#27;[90m# stepDefinations.HS_GET_STEPS.the_response_matches_the_schema(java.lang.String)&amp#27;[0m
]]></system-out>
  </testcase>
  <testcase name="Search for substances by keys" classname="Testing POST API" time="3.932">
    <system-out><![CDATA[
Scenario Outline: Search for substances by keys                                                    &amp#27;[90m# src/test/resources/features/HS_POST_API.feature:15&amp#27;[0m
  &amp#27;[32mGiven &amp#27;[0m&amp#27;[32mthe API is available&amp#27;[0m                                                                       &amp#27;[90m# stepDefinations.HS_POST_STEPS.the_api_is_available()&amp#27;[0m
  &amp#27;[32mWhen &amp#27;[0m&amp#27;[32mI send a POST request to &amp#27;[0m&amp#27;[32m&amp#27;[1m"/substances/findByKeys"&amp#27;[0m&amp#27;[32m endpoint with the following request body:&amp#27;[0m &amp#27;[90m# stepDefinations.HS_POST_STEPS.i_send_a_post_request_to_endpoint_with_the_following_request_body(java.lang.String,java.lang.String)&amp#27;[0m
  &amp#27;[32mThen &amp#27;[0m&amp#27;[32mthe API should return the expected data&amp#27;[0m                                                     &amp#27;[90m# stepDefinations.HS_POST_STEPS.the_api_should_return_the_expected_data()&amp#27;[0m
  &amp#27;[32mAnd &amp#27;[0m&amp#27;[32mthe response status code should be &amp#27;[0m&amp#27;[32m&amp#27;[1m200&amp#27;[0m                                                       &amp#27;[90m# stepDefinations.HS_POST_STEPS.the_response_status_code_should_be(java.lang.Integer)&amp#27;[0m
  &amp#27;[32mAnd &amp#27;[0m&amp#27;[32mthe response should match the schema &amp#27;[0m&amp#27;[32m&amp#27;[1m"HS_Post_substances.json"&amp#27;[0m                               &amp#27;[90m# stepDefinations.HS_POST_STEPS.the_response_should_match_the_schema(java.lang.String)&amp#27;[0m
]]></system-out>
  </testcase>
  <testcase name="Verify invalid or missing request body" classname="Testing POST API" time="0.492">
    <system-out><![CDATA[
Scenario Outline: Verify invalid or missing request body                                           &amp#27;[90m# src/test/resources/features/HS_POST_API.feature:29&amp#27;[0m
  &amp#27;[32mGiven &amp#27;[0m&amp#27;[32mthe API is available&amp#27;[0m                                                                       &amp#27;[90m# stepDefinations.HS_POST_STEPS.the_api_is_available()&amp#27;[0m
  &amp#27;[32mWhen &amp#27;[0m&amp#27;[32mI send a POST request to &amp#27;[0m&amp#27;[32m&amp#27;[1m"/substances/findByKeys"&amp#27;[0m&amp#27;[32m endpoint with the following request body:&amp#27;[0m &amp#27;[90m# stepDefinations.HS_POST_STEPS.i_send_a_post_request_to_endpoint_with_the_following_request_body(java.lang.String,java.lang.String)&amp#27;[0m
  &amp#27;[32mThen &amp#27;[0m&amp#27;[32mthe API should return an empty response&amp#27;[0m                                                     &amp#27;[90m# stepDefinations.HS_POST_STEPS.the_api_should_return_an_empty_response()&amp#27;[0m
  &amp#27;[32mAnd &amp#27;[0m&amp#27;[32mthe response status code should be &amp#27;[0m&amp#27;[32m&amp#27;[1m200&amp#27;[0m                                                       &amp#27;[90m# stepDefinations.HS_POST_STEPS.the_response_status_code_should_be(java.lang.Integer)&amp#27;[0m
  &amp#27;[32mAnd &amp#27;[0m&amp#27;[32mthe response should match the schema &amp#27;[0m&amp#27;[32m&amp#27;[1m"HS_emptySchema.json"&amp#27;[0m                                   &amp#27;[90m# stepDefinations.HS_POST_STEPS.the_response_should_match_the_schema(java.lang.String)&amp#27;[0m
]]></system-out>
  </testcase>
  <testcase name="Verify empty result for non-existent keys" classname="Testing POST API" time="0.394">
    <system-out><![CDATA[
Scenario Outline: Verify empty result for non-existent keys                                        &amp#27;[90m# src/test/resources/features/HS_POST_API.feature:43&amp#27;[0m
  &amp#27;[32mGiven &amp#27;[0m&amp#27;[32mthe API is available&amp#27;[0m                                                                       &amp#27;[90m# stepDefinations.HS_POST_STEPS.the_api_is_available()&amp#27;[0m
  &amp#27;[32mWhen &amp#27;[0m&amp#27;[32mI send a POST request to &amp#27;[0m&amp#27;[32m&amp#27;[1m"/substances/findByKeys"&amp#27;[0m&amp#27;[32m endpoint with the following request body:&amp#27;[0m &amp#27;[90m# stepDefinations.HS_POST_STEPS.i_send_a_post_request_to_endpoint_with_the_following_request_body(java.lang.String,java.lang.String)&amp#27;[0m
  &amp#27;[32mThen &amp#27;[0m&amp#27;[32mthe API should return an empty response&amp#27;[0m                                                     &amp#27;[90m# stepDefinations.HS_POST_STEPS.the_api_should_return_an_empty_response()&amp#27;[0m
  &amp#27;[32mAnd &amp#27;[0m&amp#27;[32mthe response status code should be &amp#27;[0m&amp#27;[32m&amp#27;[1m200&amp#27;[0m                                                       &amp#27;[90m# stepDefinations.HS_POST_STEPS.the_response_status_code_should_be(java.lang.Integer)&amp#27;[0m
  &amp#27;[32mAnd &amp#27;[0m&amp#27;[32mthe response should match the schema &amp#27;[0m&amp#27;[32m&amp#27;[1m"HS_emptySchema.json"&amp#27;[0m                                   &amp#27;[90m# stepDefinations.HS_POST_STEPS.the_response_should_match_the_schema(java.lang.String)&amp#27;[0m
]]></system-out>
  </testcase>
  <testcase name="Send a POST request with an invalid format for the request body" classname="Testing POST API" time="0.237">
    <system-out><![CDATA[
Scenario Outline: Send a POST request with an invalid format for the request body                  &amp#27;[90m# src/test/resources/features/HS_POST_API.feature:57&amp#27;[0m
  &amp#27;[32mGiven &amp#27;[0m&amp#27;[32mthe API is available&amp#27;[0m                                                                       &amp#27;[90m# stepDefinations.HS_POST_STEPS.the_api_is_available()&amp#27;[0m
  &amp#27;[32mWhen &amp#27;[0m&amp#27;[32mI send a POST request to &amp#27;[0m&amp#27;[32m&amp#27;[1m"/substances/findByKeys"&amp#27;[0m&amp#27;[32m endpoint with the following request body:&amp#27;[0m &amp#27;[90m# stepDefinations.HS_POST_STEPS.i_send_a_post_request_to_endpoint_with_the_following_request_body(java.lang.String,java.lang.String)&amp#27;[0m
  &amp#27;[32mThen &amp#27;[0m&amp#27;[32mthe API should return an empty response&amp#27;[0m                                                     &amp#27;[90m# stepDefinations.HS_POST_STEPS.the_api_should_return_an_empty_response()&amp#27;[0m
  &amp#27;[32mAnd &amp#27;[0m&amp#27;[32mthe response status code should be &amp#27;[0m&amp#27;[32m&amp#27;[1m200&amp#27;[0m                                                       &amp#27;[90m# stepDefinations.HS_POST_STEPS.the_response_status_code_should_be(java.lang.Integer)&amp#27;[0m
  &amp#27;[32mAnd &amp#27;[0m&amp#27;[32mthe response should match the schema &amp#27;[0m&amp#27;[32m&amp#27;[1m"HS_emptySchema.json"&amp#27;[0m                                   &amp#27;[90m# stepDefinations.HS_POST_STEPS.the_response_should_match_the_schema(java.lang.String)&amp#27;[0m
]]></system-out>
  </testcase>
  <testcase name="Verify that the Content-Type header in the POST request is set to &quot;application/json&quot;" classname="Testing POST API" time="0.593">
    <system-out><![CDATA[
Scenario Outline: Verify that the Content-Type header in the POST request is set to "application/json"                                                      &amp#27;[90m# src/test/resources/features/HS_POST_API.feature:69&amp#27;[0m
  &amp#27;[32mGiven &amp#27;[0m&amp#27;[32mthe API is available&amp#27;[0m                                                                                                                                &amp#27;[90m# stepDefinations.HS_POST_STEPS.the_api_is_available()&amp#27;[0m
  &amp#27;[32mWhen &amp#27;[0m&amp#27;[32mI send a POST request to &amp#27;[0m&amp#27;[32m&amp#27;[1m"/substances/findByKeys"&amp#27;[0m&amp#27;[32m endpoint with the following request body in text format &amp#27;[0m&amp#27;[32m&amp#27;[1m"VSK-00000000-0000-0000-0000-000000000001"&amp#27;[0m &amp#27;[90m# stepDefinations.HS_POST_STEPS.i_send_a_post_request_to_endpoint_with_the_following_request_body_in_text_format(java.lang.String,java.lang.String)&amp#27;[0m
  &amp#27;[32mThen &amp#27;[0m&amp#27;[32mthe API should return an error message indicating error message&amp#27;[0m                                                                                      &amp#27;[90m# stepDefinations.HS_POST_STEPS.the_api_should_return_an_error_message_indicating_error_message()&amp#27;[0m
  &amp#27;[32mAnd &amp#27;[0m&amp#27;[32mthe response status code should be &amp#27;[0m&amp#27;[32m&amp#27;[1m415&amp#27;[0m                                                                                                                &amp#27;[90m# stepDefinations.HS_POST_STEPS.the_response_status_code_should_be(java.lang.Integer)&amp#27;[0m
]]></system-out>
  </testcase>
</testsuite>